<?xml version="1.0" encoding="utf-8"?><testsuites><testsuite name="pytest" errors="0" failures="0" skipped="1" tests="4" time="0.046" timestamp="2024-03-02T14:26:35.895710" hostname="DESKTOP-NK88ESF"><testcase classname="test_module2" name="test1" time="0.001" /><testcase classname="test_module2" name="test2" time="0.000"><skipped type="pytest.skip" message="Bug123">C:\Users\Anastasia\Desktop\Groups\QA_326\OAT\selenium\lesson10\test_module2.py:6: Bug123</skipped></testcase><testcase classname="test_module3" name="test1" time="0.001" /><testcase classname="test_module3" name="test2" time="0.001" /></testsuite></testsuites>